========================================================================
Data/Hora: 2026-04-01 21:44:41
id da impressora: 1
ip: 192.168.7.249
========================================================================
Data/Hora: 2026-04-01 21:45:09
id da impressora: 1
ip: 192.168.7.249
retorno buscarUsoImpressora: array (
  'total' => 19052,
  'pb' => 2801,
  'cor' => 16251,
)
SQL usado no update das paginas: UPDATE impressoras SET paginas_total = ?, paginas_pb = ?, paginas_cor = ?, ultima_atualizacao = NOW() WHERE id = ?
resultado prepare(): SUCESSO
resultado execute(): SUCESSO
erro statement: nenhum
========================================================================
Data/Hora: 2026-04-02 16:02:06
id da impressora: 1
ip: 192.168.7.249
retorno buscarUsoImpressora: array (
  'total' => 19076,
  'pb' => 2801,
  'cor' => 16275,
)
SQL usado no update das paginas: UPDATE impressoras SET paginas_total = ?, paginas_pb = ?, paginas_cor = ?, ultima_atualizacao = NOW() WHERE id = ?
resultado prepare(): SUCESSO
resultado execute(): SUCESSO
erro statement: nenhum
========================================================================
Data/Hora: 2026-04-02 20:09:37
id da impressora: 1
ip: 192.168.7.249
retorno buscarUsoImpressora: array (
  'total' => 19079,
  'pb' => 2801,
  'cor' => 16278,
)
SQL usado no update das paginas: UPDATE impressoras SET paginas_total = ?, paginas_pb = ?, paginas_cor = ?, ultima_atualizacao = NOW() WHERE id = ?
resultado prepare(): SUCESSO
resultado execute(): SUCESSO
erro statement: nenhum
========================================================================
Data/Hora: 2026-04-02 20:09:46
id da impressora: 1
ip: 192.168.7.249
retorno buscarUsoImpressora: array (
  'total' => 19079,
  'pb' => 2801,
  'cor' => 16278,
)
SQL usado no update das paginas: UPDATE impressoras SET paginas_total = ?, paginas_pb = ?, paginas_cor = ?, ultima_atualizacao = NOW() WHERE id = ?
resultado prepare(): SUCESSO
resultado execute(): SUCESSO
erro statement: nenhum
========================================================================
Data/Hora: 2026-04-06 13:02:58
id da impressora: 1
ip: 192.168.7.249
retorno buscarUsoImpressora: array (
  'total' => 19081,
  'pb' => 2801,
  'cor' => 16280,
)
SQL usado no update das paginas: UPDATE impressoras SET paginas_total = ?, paginas_pb = ?, paginas_cor = ?, ultima_atualizacao = NOW() WHERE id = ?
resultado prepare(): SUCESSO
resultado execute(): SUCESSO
erro statement: nenhum
========================================================================
Data/Hora: 2026-04-06 13:03:06
id da impressora: 1
ip: 192.168.7.249
retorno buscarUsoImpressora: array (
  'total' => 19081,
  'pb' => 2801,
  'cor' => 16280,
)
SQL usado no update das paginas: UPDATE impressoras SET paginas_total = ?, paginas_pb = ?, paginas_cor = ?, ultima_atualizacao = NOW() WHERE id = ?
resultado prepare(): SUCESSO
resultado execute(): SUCESSO
erro statement: nenhum
========================================================================
Data/Hora: 2026-04-06 13:03:14
id da impressora: 1
ip: 192.168.7.249
retorno buscarUsoImpressora: array (
  'total' => 19081,
  'pb' => 2801,
  'cor' => 16280,
)
SQL usado no update das paginas: UPDATE impressoras SET paginas_total = ?, paginas_pb = ?, paginas_cor = ?, ultima_atualizacao = NOW() WHERE id = ?
resultado prepare(): SUCESSO
resultado execute(): SUCESSO
erro statement: nenhum
========================================================================
Data/Hora: 2026-04-06 13:03:22
id da impressora: 1
ip: 192.168.7.249
retorno buscarUsoImpressora: array (
  'total' => 19081,
  'pb' => 2801,
  'cor' => 16280,
)
SQL usado no update das paginas: UPDATE impressoras SET paginas_total = ?, paginas_pb = ?, paginas_cor = ?, ultima_atualizacao = NOW() WHERE id = ?
resultado prepare(): SUCESSO
resultado execute(): SUCESSO
erro statement: nenhum
========================================================================
Data/Hora: 2026-04-06 13:03:30
id da impressora: 1
ip: 192.168.7.249
retorno buscarUsoImpressora: array (
  'total' => 19081,
  'pb' => 2801,
  'cor' => 16280,
)
SQL usado no update das paginas: UPDATE impressoras SET paginas_total = ?, paginas_pb = ?, paginas_cor = ?, ultima_atualizacao = NOW() WHERE id = ?
resultado prepare(): SUCESSO
resultado execute(): SUCESSO
erro statement: nenhum
========================================================================
Data/Hora: 2026-04-06 13:03:38
id da impressora: 1
ip: 192.168.7.249
retorno buscarUsoImpressora: array (
  'total' => 19081,
  'pb' => 2801,
  'cor' => 16280,
)
SQL usado no update das paginas: UPDATE impressoras SET paginas_total = ?, paginas_pb = ?, paginas_cor = ?, ultima_atualizacao = NOW() WHERE id = ?
resultado prepare(): SUCESSO
resultado execute(): SUCESSO
erro statement: nenhum
========================================================================
Data/Hora: 2026-04-06 13:03:45
id da impressora: 1
ip: 192.168.7.249
retorno buscarUsoImpressora: array (
  'total' => 19081,
  'pb' => 2801,
  'cor' => 16280,
)
SQL usado no update das paginas: UPDATE impressoras SET paginas_total = ?, paginas_pb = ?, paginas_cor = ?, ultima_atualizacao = NOW() WHERE id = ?
resultado prepare(): SUCESSO
resultado execute(): SUCESSO
erro statement: nenhum
========================================================================
Data/Hora: 2026-04-06 13:03:53
id da impressora: 1
ip: 192.168.7.249
retorno buscarUsoImpressora: array (
  'total' => 19081,
  'pb' => 2801,
  'cor' => 16280,
)
SQL usado no update das paginas: UPDATE impressoras SET paginas_total = ?, paginas_pb = ?, paginas_cor = ?, ultima_atualizacao = NOW() WHERE id = ?
resultado prepare(): SUCESSO
resultado execute(): SUCESSO
erro statement: nenhum
========================================================================
Data/Hora: 2026-04-06 13:04:01
id da impressora: 1
ip: 192.168.7.249
retorno buscarUsoImpressora: array (
  'total' => 19081,
  'pb' => 2801,
  'cor' => 16280,
)
SQL usado no update das paginas: UPDATE impressoras SET paginas_total = ?, paginas_pb = ?, paginas_cor = ?, ultima_atualizacao = NOW() WHERE id = ?
resultado prepare(): SUCESSO
resultado execute(): SUCESSO
erro statement: nenhum
========================================================================
Data/Hora: 2026-04-06 13:49:07
id da impressora: 1
ip: 192.168.7.249
retorno buscarUsoImpressora: array (
  'total' => 19081,
  'pb' => 2801,
  'cor' => 16280,
)
SQL usado no update das paginas: UPDATE impressoras SET paginas_total = ?, paginas_pb = ?, paginas_cor = ?, ultima_atualizacao = NOW() WHERE id = ?
resultado prepare(): SUCESSO
resultado execute(): SUCESSO
erro statement: nenhum
